C:\Program Files\Microsoft Visual Studio\2022\Community\MSBuild\Microsoft\VC\v170\Microsoft.CppBuild.targets(516,5): warning MSB8004: Katalog Intermediate nie kończy się ukośnikiem. To wystąpienie kompilacji doda ukośnik, ponieważ jest on niezbędny, aby możliwa była poprawna ocena katalogu Intermediate.
C:\Program Files\Microsoft Visual Studio\2022\Community\MSBuild\Microsoft\VC\v170\Microsoft.CppBuild.targets(517,5): warning MSB8004: Katalog Output nie kończy się ukośnikiem. To wystąpienie kompilacji doda ukośnik, ponieważ jest on niezbędny, aby możliwa była poprawna ocena katalogu Output.
  gunmen.cpp
  Animation.cpp
C:\Users\filip\source\repos\gunmen\src\Animation.cpp(10,31): warning C4244: "=": konwersja z "float" do "T", możliwa utrata danych
C:\Users\filip\source\repos\gunmen\src\Animation.cpp(10,31): warning C4244:         with
C:\Users\filip\source\repos\gunmen\src\Animation.cpp(10,31): warning C4244:         [
C:\Users\filip\source\repos\gunmen\src\Animation.cpp(10,31): warning C4244:             T=int
C:\Users\filip\source\repos\gunmen\src\Animation.cpp(10,31): warning C4244:         ]
C:\Users\filip\source\repos\gunmen\src\Animation.cpp(11,32): warning C4244: "=": konwersja z "float" do "T", możliwa utrata danych
C:\Users\filip\source\repos\gunmen\src\Animation.cpp(11,32): warning C4244:         with
C:\Users\filip\source\repos\gunmen\src\Animation.cpp(11,32): warning C4244:         [
C:\Users\filip\source\repos\gunmen\src\Animation.cpp(11,32): warning C4244:             T=int
C:\Users\filip\source\repos\gunmen\src\Animation.cpp(11,32): warning C4244:         ]
  Player.cpp
  Generowanie kodu...
     Trwa tworzenie biblioteki C:\Users\filip\source\repos\gunmen\build\gunmen.lib i obiektu C:\Users\filip\source\repos\gunmen\build\gunmen.exp
  gunmen.vcxproj -> C:\Users\filip\source\repos\gunmen\build\gunmen.exe
  'pwsh.exe' is not recognized as an internal or external command,
  operable program or batch file.
