  Animation.cpp
C:\Users\filip\source\repos\gunmen\src\Animation.cpp(11,31): warning C4244: "=": konwersja z "float" do "T", możliwa utrata danych
C:\Users\filip\source\repos\gunmen\src\Animation.cpp(11,31): warning C4244:         with
C:\Users\filip\source\repos\gunmen\src\Animation.cpp(11,31): warning C4244:         [
C:\Users\filip\source\repos\gunmen\src\Animation.cpp(11,31): warning C4244:             T=int
C:\Users\filip\source\repos\gunmen\src\Animation.cpp(11,31): warning C4244:         ]
C:\Users\filip\source\repos\gunmen\src\Animation.cpp(12,32): warning C4244: "=": konwersja z "float" do "T", możliwa utrata danych
C:\Users\filip\source\repos\gunmen\src\Animation.cpp(12,32): warning C4244:         with
C:\Users\filip\source\repos\gunmen\src\Animation.cpp(12,32): warning C4244:         [
C:\Users\filip\source\repos\gunmen\src\Animation.cpp(12,32): warning C4244:             T=int
C:\Users\filip\source\repos\gunmen\src\Animation.cpp(12,32): warning C4244:         ]
C:\Users\filip\source\repos\gunmen\src\Animation.cpp(46,58): warning C4244: "-=": konwersja z "float" do "_Ty2", możliwa utrata danych
C:\Users\filip\source\repos\gunmen\src\Animation.cpp(46,58): warning C4244:         with
C:\Users\filip\source\repos\gunmen\src\Animation.cpp(46,58): warning C4244:         [
C:\Users\filip\source\repos\gunmen\src\Animation.cpp(46,58): warning C4244:             _Ty2=int
C:\Users\filip\source\repos\gunmen\src\Animation.cpp(46,58): warning C4244:         ]
C:\Users\filip\source\repos\gunmen\src\Animation.cpp(57,62): warning C4244: "argument": konwersja z "T" do "T", możliwa utrata danych
C:\Users\filip\source\repos\gunmen\src\Animation.cpp(57,62): warning C4244:         with
C:\Users\filip\source\repos\gunmen\src\Animation.cpp(57,62): warning C4244:         [
C:\Users\filip\source\repos\gunmen\src\Animation.cpp(57,62): warning C4244:             T=unsigned int
C:\Users\filip\source\repos\gunmen\src\Animation.cpp(57,62): warning C4244:         ]
C:\Users\filip\source\repos\gunmen\src\Animation.cpp(57,62): warning C4244:         and
C:\Users\filip\source\repos\gunmen\src\Animation.cpp(57,62): warning C4244:         [
C:\Users\filip\source\repos\gunmen\src\Animation.cpp(57,62): warning C4244:             T=float
C:\Users\filip\source\repos\gunmen\src\Animation.cpp(57,62): warning C4244:         ]
C:\Users\filip\source\repos\gunmen\src\Animation.cpp(56,92): warning C4244: "argument": konwersja z "T" do "T", możliwa utrata danych
C:\Users\filip\source\repos\gunmen\src\Animation.cpp(56,92): warning C4244:         with
C:\Users\filip\source\repos\gunmen\src\Animation.cpp(56,92): warning C4244:         [
C:\Users\filip\source\repos\gunmen\src\Animation.cpp(56,92): warning C4244:             T=unsigned int
C:\Users\filip\source\repos\gunmen\src\Animation.cpp(56,92): warning C4244:         ]
C:\Users\filip\source\repos\gunmen\src\Animation.cpp(56,92): warning C4244:         and
C:\Users\filip\source\repos\gunmen\src\Animation.cpp(56,92): warning C4244:         [
C:\Users\filip\source\repos\gunmen\src\Animation.cpp(56,92): warning C4244:             T=float
C:\Users\filip\source\repos\gunmen\src\Animation.cpp(56,92): warning C4244:         ]
  gunmen.vcxproj -> C:\Users\filip\source\repos\gunmen\out\x64\Debug\gunmen.exe
  'pwsh.exe' is not recognized as an internal or external command,
  operable program or batch file.
